android/app/build/intermediates/manifest_merge_blame_file/release/processReleaseMainManifest/manifest-merger-blame-release-report.txt
1<?xml version="1.0" encoding="utf-8"?>
2<manifest xmlns:android="http://schemas.android.com/apk/res/android"
3    package="com.barbiestudio.app"
4    android:versionCode="15"
5    android:versionName="1.15.0" >
6
7    <uses-sdk
8        android:minSdkVersion="23"
9        android:targetSdkVersion="35" />
10
11    <!-- Permissions -->
12
13    <uses-permission android:name="android.permission.INTERNET" />
13-->src/main/AndroidManifest.xml:41:5-67
13-->src/main/AndroidManifest.xml:41:22-64
14
15    <queries>
15-->[:capacitor-browser] AndroidManifest.xml:7:5-11:15
16        <intent>
16-->[:capacitor-browser] AndroidManifest.xml:8:9-10:18
17            <action android:name="android.support.customtabs.action.CustomTabsService" />
17-->[:capacitor-browser] AndroidManifest.xml:9:13-90
17-->[:capacitor-browser] AndroidManifest.xml:9:21-87
18        </intent>
19    </queries>
20
21    <uses-permission android:name="android.permission.USE_CREDENTIALS" /> <!-- Create a unique permission for your app and use it so only your app can receive your OneSignal messages. -->
21-->[:codetrix-studio-capacitor-google-auth] AndroidManifest.xml:7:5-74
21-->[:codetrix-studio-capacitor-google-auth] AndroidManifest.xml:7:22-71
22    <permission
22-->[com.onesignal:notifications:5.1.29] AndroidManifest.xml:10:5-12:47
23        android:name="com.barbiestudio.app.permission.C2D_MESSAGE"
23-->[com.onesignal:notifications:5.1.29] AndroidManifest.xml:11:9-63
24        android:protectionLevel="signature" />
24-->[com.onesignal:notifications:5.1.29] AndroidManifest.xml:12:9-44
25
26    <uses-permission android:name="com.barbiestudio.app.permission.C2D_MESSAGE" /> <!-- Required runtime permission to display notifications on Android 13 -->
26-->[com.onesignal:notifications:5.1.29] AndroidManifest.xml:14:5-79
26-->[com.onesignal:notifications:5.1.29] AndroidManifest.xml:14:22-76
27    <uses-permission android:name="android.permission.POST_NOTIFICATIONS" /> <!-- Required, makes sure notifications are delivered on time. -->
27-->[com.onesignal:notifications:5.1.29] AndroidManifest.xml:17:5-77
27-->[com.onesignal:notifications:5.1.29] AndroidManifest.xml:17:22-74
28    <uses-permission android:name="android.permission.WAKE_LOCK" /> <!-- c2dm RECEIVE are basic requirements for push messages through Google's FCM -->
28-->[com.onesignal:notifications:5.1.29] AndroidManifest.xml:18:5-68
28-->[com.onesignal:notifications:5.1.29] AndroidManifest.xml:18:22-65
29    <uses-permission android:name="com.google.android.c2dm.permission.RECEIVE" />
29-->[com.onesignal:notifications:5.1.29] AndroidManifest.xml:19:5-82
29-->[com.onesignal:notifications:5.1.29] AndroidManifest.xml:19:22-79
30    <!--
31 Required so the device vibrates on receiving a push notification.
32         Vibration settings of the device still apply.
33    -->
34    <uses-permission android:name="android.permission.VIBRATE" />
34-->[com.onesignal:notifications:5.1.29] AndroidManifest.xml:24:5-66
34-->[com.onesignal:notifications:5.1.29] AndroidManifest.xml:24:22-63
35    <!--
36 Use to restore notifications the user hasn't interacted with.
37     They could be missed notifications if the user reboots their device if this isn't in place.
38    -->
39    <uses-permission android:name="android.permission.RECEIVE_BOOT_COMPLETED" /> <!-- START: ShortcutBadger -->
39-->[com.onesignal:notifications:5.1.29] AndroidManifest.xml:29:5-81
39-->[com.onesignal:notifications:5.1.29] AndroidManifest.xml:29:22-78
40    <!-- Samsung -->
41    <uses-permission android:name="com.sec.android.provider.badge.permission.READ" />
41-->[com.onesignal:notifications:5.1.29] AndroidManifest.xml:31:5-86
41-->[com.onesignal:notifications:5.1.29] AndroidManifest.xml:31:22-83
42    <uses-permission android:name="com.sec.android.provider.badge.permission.WRITE" /> <!-- HTC -->
42-->[com.onesignal:notifications:5.1.29] AndroidManifest.xml:32:5-87
42-->[com.onesignal:notifications:5.1.29] AndroidManifest.xml:32:22-84
43    <uses-permission android:name="com.htc.launcher.permission.READ_SETTINGS" />
43-->[com.onesignal:notifications:5.1.29] AndroidManifest.xml:33:5-81
43-->[com.onesignal:notifications:5.1.29] AndroidManifest.xml:33:22-78
44    <uses-permission android:name="com.htc.launcher.permission.UPDATE_SHORTCUT" /> <!-- Sony -->
44-->[com.onesignal:notifications:5.1.29] AndroidManifest.xml:34:5-83
44-->[com.onesignal:notifications:5.1.29] AndroidManifest.xml:34:22-80
45    <uses-permission android:name="com.sonyericsson.home.permission.BROADCAST_BADGE" />
45-->[com.onesignal:notifications:5.1.29] AndroidManifest.xml:35:5-88
45-->[com.onesignal:notifications:5.1.29] AndroidManifest.xml:35:22-85
46    <uses-permission android:name="com.sonymobile.home.permission.PROVIDER_INSERT_BADGE" /> <!-- Apex -->
46-->[com.onesignal:notifications:5.1.29] AndroidManifest.xml:36:5-92
46-->[com.onesignal:notifications:5.1.29] AndroidManifest.xml:36:22-89
47    <uses-permission android:name="com.anddoes.launcher.permission.UPDATE_COUNT" /> <!-- Solid -->
47-->[com.onesignal:notifications:5.1.29] AndroidManifest.xml:37:5-84
47-->[com.onesignal:notifications:5.1.29] AndroidManifest.xml:37:22-81
48    <uses-permission android:name="com.majeur.launcher.permission.UPDATE_BADGE" /> <!-- Huawei -->
48-->[com.onesignal:notifications:5.1.29] AndroidManifest.xml:38:5-83
48-->[com.onesignal:notifications:5.1.29] AndroidManifest.xml:38:22-80
49    <uses-permission android:name="com.huawei.android.launcher.permission.CHANGE_BADGE" />
49-->[com.onesignal:notifications:5.1.29] AndroidManifest.xml:39:5-91
49-->[com.onesignal:notifications:5.1.29] AndroidManifest.xml:39:22-88
50    <uses-permission android:name="com.huawei.android.launcher.permission.READ_SETTINGS" />
50-->[com.onesignal:notifications:5.1.29] AndroidManifest.xml:40:5-92
50-->[com.onesignal:notifications:5.1.29] AndroidManifest.xml:40:22-89
51    <uses-permission android:name="com.huawei.android.launcher.permission.WRITE_SETTINGS" /> <!-- ZUK -->
51-->[com.onesignal:notifications:5.1.29] AndroidManifest.xml:41:5-93
51-->[com.onesignal:notifications:5.1.29] AndroidManifest.xml:41:22-90
52    <uses-permission android:name="android.permission.READ_APP_BADGE" /> <!-- OPPO -->
52-->[com.onesignal:notifications:5.1.29] AndroidManifest.xml:42:5-73
52-->[com.onesignal:notifications:5.1.29] AndroidManifest.xml:42:22-70
53    <uses-permission android:name="com.oppo.launcher.permission.READ_SETTINGS" />
53-->[com.onesignal:notifications:5.1.29] AndroidManifest.xml:43:5-82
53-->[com.onesignal:notifications:5.1.29] AndroidManifest.xml:43:22-79
54    <uses-permission android:name="com.oppo.launcher.permission.WRITE_SETTINGS" /> <!-- EvMe -->
54-->[com.onesignal:notifications:5.1.29] AndroidManifest.xml:44:5-83
54-->[com.onesignal:notifications:5.1.29] AndroidManifest.xml:44:22-80
55    <uses-permission android:name="me.everything.badger.permission.BADGE_COUNT_READ" />
55-->[com.onesignal:notifications:5.1.29] AndroidManifest.xml:45:5-88
55-->[com.onesignal:notifications:5.1.29] AndroidManifest.xml:45:22-85
56    <uses-permission android:name="me.everything.badger.permission.BADGE_COUNT_WRITE" />
56-->[com.onesignal:notifications:5.1.29] AndroidManifest.xml:46:5-89
56-->[com.onesignal:notifications:5.1.29] AndroidManifest.xml:46:22-86
57    <uses-permission android:name="android.permission.ACCESS_NETWORK_STATE" />
57-->[com.onesignal:core:5.1.29] AndroidManifest.xml:10:5-79
57-->[com.onesignal:core:5.1.29] AndroidManifest.xml:10:22-76
58    <uses-permission android:name="android.permission.FOREGROUND_SERVICE" />
58-->[androidx.work:work-runtime:2.8.1] AndroidManifest.xml:26:5-77
58-->[androidx.work:work-runtime:2.8.1] AndroidManifest.xml:26:22-74
59
60    <permission
60-->[androidx.core:core:1.15.0] AndroidManifest.xml:22:5-24:47
61        android:name="com.barbiestudio.app.DYNAMIC_RECEIVER_NOT_EXPORTED_PERMISSION"
61-->[androidx.core:core:1.15.0] AndroidManifest.xml:23:9-81
62        android:protectionLevel="signature" />
62-->[androidx.core:core:1.15.0] AndroidManifest.xml:24:9-44
63
64    <uses-permission android:name="com.barbiestudio.app.DYNAMIC_RECEIVER_NOT_EXPORTED_PERMISSION" />
64-->[androidx.core:core:1.15.0] AndroidManifest.xml:26:5-97
64-->[androidx.core:core:1.15.0] AndroidManifest.xml:26:22-94
65
66    <application
66-->src/main/AndroidManifest.xml:3:5-37:19
67        android:allowBackup="true"
67-->src/main/AndroidManifest.xml:4:5-31
68        android:appComponentFactory="androidx.core.app.CoreComponentFactory"
68-->[androidx.core:core:1.15.0] AndroidManifest.xml:28:18-86
69        android:extractNativeLibs="false"
70        android:icon="@mipmap/ic_launcher"
70-->src/main/AndroidManifest.xml:5:5-39
71        android:label="@string/app_name"
71-->src/main/AndroidManifest.xml:6:5-37
72        android:roundIcon="@mipmap/ic_launcher_round"
72-->src/main/AndroidManifest.xml:7:5-50
73        android:supportsRtl="true"
73-->src/main/AndroidManifest.xml:8:5-31
74        android:theme="@style/AppTheme" >
74-->src/main/AndroidManifest.xml:9:5-36
75        <activity
75-->src/main/AndroidManifest.xml:11:9-23:20
76            android:name="com.barbiestudio.app.MainActivity"
76-->src/main/AndroidManifest.xml:13:7-35
77            android:configChanges="orientation|keyboardHidden|keyboard|screenSize|locale|smallestScreenSize|screenLayout|uiMode|navigation"
77-->src/main/AndroidManifest.xml:12:7-134
78            android:exported="true"
78-->src/main/AndroidManifest.xml:17:7-30
79            android:label="@string/title_activity_main"
79-->src/main/AndroidManifest.xml:14:7-50
80            android:launchMode="singleTask"
80-->src/main/AndroidManifest.xml:16:7-38
81            android:theme="@style/AppTheme.NoActionBarLaunch" >
81-->src/main/AndroidManifest.xml:15:7-56
82            <intent-filter>
82-->src/main/AndroidManifest.xml:19:13-22:29
83                <action android:name="android.intent.action.MAIN" />
83-->src/main/AndroidManifest.xml:20:17-69
83-->src/main/AndroidManifest.xml:20:25-66
84
85                <category android:name="android.intent.category.LAUNCHER" />
85-->src/main/AndroidManifest.xml:21:17-77
85-->src/main/AndroidManifest.xml:21:27-74
86            </intent-filter>
87        </activity>
88
89        <provider
90            android:name="androidx.core.content.FileProvider"
90-->src/main/AndroidManifest.xml:26:7-56
91            android:authorities="com.barbiestudio.app.fileprovider"
91-->src/main/AndroidManifest.xml:27:7-58
92            android:exported="false"
92-->src/main/AndroidManifest.xml:28:7-31
93            android:grantUriPermissions="true" >
93-->src/main/AndroidManifest.xml:29:7-41
94            <meta-data
94-->src/main/AndroidManifest.xml:31:13-34:9
95                android:name="android.support.FILE_PROVIDER_PATHS"
95-->src/main/AndroidManifest.xml:32:9-59
96                android:resource="@xml/file_paths" />
96-->src/main/AndroidManifest.xml:33:9-43
97        </provider>
98
99        <activity
99-->[:capacitor-browser] AndroidManifest.xml:14:9-18:75
100            android:name="com.capacitorjs.plugins.browser.BrowserControllerActivity"
100-->[:capacitor-browser] AndroidManifest.xml:15:13-85
101            android:exported="false"
101-->[:capacitor-browser] AndroidManifest.xml:16:13-37
102            android:launchMode="singleTask"
102-->[:capacitor-browser] AndroidManifest.xml:17:13-44
103            android:theme="@android:style/Theme.Translucent.NoTitleBar" />
103-->[:capacitor-browser] AndroidManifest.xml:18:13-72
104
105        <receiver
105-->[com.onesignal:notifications:5.1.29] AndroidManifest.xml:49:9-60:20
106            android:name="com.onesignal.notifications.receivers.FCMBroadcastReceiver"
106-->[com.onesignal:notifications:5.1.29] AndroidManifest.xml:50:13-86
107            android:exported="true"
107-->[com.onesignal:notifications:5.1.29] AndroidManifest.xml:51:13-36
108            android:permission="com.google.android.c2dm.permission.SEND" >
108-->[com.onesignal:notifications:5.1.29] AndroidManifest.xml:52:13-73
109
110            <!-- High priority so OneSignal payloads can be filtered from other FCM receivers -->
111            <intent-filter android:priority="999" >
111-->[com.onesignal:notifications:5.1.29] AndroidManifest.xml:55:13-59:29
111-->[com.onesignal:notifications:5.1.29] AndroidManifest.xml:55:28-50
112                <action android:name="com.google.android.c2dm.intent.RECEIVE" />
112-->[com.onesignal:notifications:5.1.29] AndroidManifest.xml:56:17-81
112-->[com.onesignal:notifications:5.1.29] AndroidManifest.xml:56:25-78
113
114                <category android:name="com.barbiestudio.app" />
114-->[com.onesignal:notifications:5.1.29] AndroidManifest.xml:58:17-61
114-->[com.onesignal:notifications:5.1.29] AndroidManifest.xml:58:27-58
115            </intent-filter>
116        </receiver>
117
118        <service
118-->[com.onesignal:notifications:5.1.29] AndroidManifest.xml:62:9-68:19
119            android:name="com.onesignal.notifications.services.HmsMessageServiceOneSignal"
119-->[com.onesignal:notifications:5.1.29] AndroidManifest.xml:63:13-91
120            android:exported="false" >
120-->[com.onesignal:notifications:5.1.29] AndroidManifest.xml:64:13-37
121            <intent-filter>
121-->[com.onesignal:notifications:5.1.29] AndroidManifest.xml:65:13-67:29
122                <action android:name="com.huawei.push.action.MESSAGING_EVENT" />
122-->[com.onesignal:notifications:5.1.29] AndroidManifest.xml:66:17-81
122-->[com.onesignal:notifications:5.1.29] AndroidManifest.xml:66:25-78
123            </intent-filter>
124        </service> <!-- CAUTION: OneSignal backend includes the activity name in the payload, modifying the name without sync may result in notification click not firing -->
125        <activity
125-->[com.onesignal:notifications:5.1.29] AndroidManifest.xml:69:9-77:20
126            android:name="com.onesignal.NotificationOpenedActivityHMS"
126-->[com.onesignal:notifications:5.1.29] AndroidManifest.xml:70:13-71
127            android:exported="true"
127-->[com.onesignal:notifications:5.1.29] AndroidManifest.xml:71:13-36
128            android:noHistory="true"
128-->[com.onesignal:notifications:5.1.29] AndroidManifest.xml:72:13-37
129            android:theme="@android:style/Theme.Translucent.NoTitleBar" >
129-->[com.onesignal:notifications:5.1.29] AndroidManifest.xml:73:13-72
130            <intent-filter>
130-->[com.onesignal:notifications:5.1.29] AndroidManifest.xml:74:13-76:29
131                <action android:name="android.intent.action.VIEW" />
131-->[com.onesignal:notifications:5.1.29] AndroidManifest.xml:75:17-69
131-->[com.onesignal:notifications:5.1.29] AndroidManifest.xml:75:25-66
132            </intent-filter>
133        </activity>
134
135        <receiver
135-->[com.onesignal:notifications:5.1.29] AndroidManifest.xml:79:9-81:39
136            android:name="com.onesignal.notifications.receivers.NotificationDismissReceiver"
136-->[com.onesignal:notifications:5.1.29] AndroidManifest.xml:80:13-93
137            android:exported="true" />
137-->[com.onesignal:notifications:5.1.29] AndroidManifest.xml:81:13-36
138        <receiver
138-->[com.onesignal:notifications:5.1.29] AndroidManifest.xml:82:9-89:20
139            android:name="com.onesignal.notifications.receivers.BootUpReceiver"
139-->[com.onesignal:notifications:5.1.29] AndroidManifest.xml:83:13-80
140            android:exported="true" >
140-->[com.onesignal:notifications:5.1.29] AndroidManifest.xml:84:13-36
141            <intent-filter>
141-->[com.onesignal:notifications:5.1.29] AndroidManifest.xml:85:13-88:29
142                <action android:name="android.intent.action.BOOT_COMPLETED" />
142-->[com.onesignal:notifications:5.1.29] AndroidManifest.xml:86:17-79
142-->[com.onesignal:notifications:5.1.29] AndroidManifest.xml:86:25-76
143                <action android:name="android.intent.action.QUICKBOOT_POWERON" />
143-->[com.onesignal:notifications:5.1.29] AndroidManifest.xml:87:17-82
143-->[com.onesignal:notifications:5.1.29] AndroidManifest.xml:87:25-79
144            </intent-filter>
145        </receiver>
146        <receiver
146-->[com.onesignal:notifications:5.1.29] AndroidManifest.xml:90:9-96:20
147            android:name="com.onesignal.notifications.receivers.UpgradeReceiver"
147-->[com.onesignal:notifications:5.1.29] AndroidManifest.xml:91:13-81
148            android:exported="true" >
148-->[com.onesignal:notifications:5.1.29] AndroidManifest.xml:92:13-36
149            <intent-filter>
149-->[com.onesignal:notifications:5.1.29] AndroidManifest.xml:93:13-95:29
150                <action android:name="android.intent.action.MY_PACKAGE_REPLACED" />
150-->[com.onesignal:notifications:5.1.29] AndroidManifest.xml:94:17-84
150-->[com.onesignal:notifications:5.1.29] AndroidManifest.xml:94:25-81
151            </intent-filter>
152        </receiver>
153
154        <activity
154-->[com.onesignal:notifications:5.1.29] AndroidManifest.xml:98:9-104:75
155            android:name="com.onesignal.notifications.activities.NotificationOpenedActivity"
155-->[com.onesignal:notifications:5.1.29] AndroidManifest.xml:99:13-93
156            android:excludeFromRecents="true"
156-->[com.onesignal:notifications:5.1.29] AndroidManifest.xml:100:13-46
157            android:exported="true"
157-->[com.onesignal:notifications:5.1.29] AndroidManifest.xml:101:13-36
158            android:noHistory="true"
158-->[com.onesignal:notifications:5.1.29] AndroidManifest.xml:102:13-37
159            android:taskAffinity=""
159-->[com.onesignal:notifications:5.1.29] AndroidManifest.xml:103:13-36
160            android:theme="@android:style/Theme.Translucent.NoTitleBar" />
160-->[com.onesignal:notifications:5.1.29] AndroidManifest.xml:104:13-72
161        <activity
161-->[com.onesignal:notifications:5.1.29] AndroidManifest.xml:105:9-110:75
162            android:name="com.onesignal.notifications.activities.NotificationOpenedActivityAndroid22AndOlder"
162-->[com.onesignal:notifications:5.1.29] AndroidManifest.xml:106:13-110
163            android:excludeFromRecents="true"
163-->[com.onesignal:notifications:5.1.29] AndroidManifest.xml:107:13-46
164            android:exported="true"
164-->[com.onesignal:notifications:5.1.29] AndroidManifest.xml:108:13-36
165            android:noHistory="true"
165-->[com.onesignal:notifications:5.1.29] AndroidManifest.xml:109:13-37
166            android:theme="@android:style/Theme.Translucent.NoTitleBar" />
166-->[com.onesignal:notifications:5.1.29] AndroidManifest.xml:110:13-72
167
168        <service
168-->[com.onesignal:core:5.1.29] AndroidManifest.xml:13:9-16:72
169            android:name="com.onesignal.core.services.SyncJobService"
169-->[com.onesignal:core:5.1.29] AndroidManifest.xml:14:13-70
170            android:exported="false"
170-->[com.onesignal:core:5.1.29] AndroidManifest.xml:15:13-37
171            android:permission="android.permission.BIND_JOB_SERVICE" />
171-->[com.onesignal:core:5.1.29] AndroidManifest.xml:16:13-69
172
173        <activity
173-->[com.onesignal:core:5.1.29] AndroidManifest.xml:18:9-21:75
174            android:name="com.onesignal.core.activities.PermissionsActivity"
174-->[com.onesignal:core:5.1.29] AndroidManifest.xml:19:13-77
175            android:exported="false"
175-->[com.onesignal:core:5.1.29] AndroidManifest.xml:20:13-37
176            android:theme="@android:style/Theme.Translucent.NoTitleBar" />
176-->[com.onesignal:core:5.1.29] AndroidManifest.xml:21:13-72
177        <activity
177-->[com.google.android.gms:play-services-auth:18.1.0] AndroidManifest.xml:23:9-27:75
178            android:name="com.google.android.gms.auth.api.signin.internal.SignInHubActivity"
178-->[com.google.android.gms:play-services-auth:18.1.0] AndroidManifest.xml:24:13-93
179            android:excludeFromRecents="true"
179-->[com.google.android.gms:play-services-auth:18.1.0] AndroidManifest.xml:25:13-46
180            android:exported="false"
180-->[com.google.android.gms:play-services-auth:18.1.0] AndroidManifest.xml:26:13-37
181            android:theme="@android:style/Theme.Translucent.NoTitleBar" />
181-->[com.google.android.gms:play-services-auth:18.1.0] AndroidManifest.xml:27:13-72
182        <!--
183            Service handling Google Sign-In user revocation. For apps that do not integrate with
184            Google Sign-In, this service will never be started.
185        -->
186        <service
186-->[com.google.android.gms:play-services-auth:18.1.0] AndroidManifest.xml:33:9-37:51
187            android:name="com.google.android.gms.auth.api.signin.RevocationBoundService"
187-->[com.google.android.gms:play-services-auth:18.1.0] AndroidManifest.xml:34:13-89
188            android:exported="true"
188-->[com.google.android.gms:play-services-auth:18.1.0] AndroidManifest.xml:35:13-36
189            android:permission="com.google.android.gms.auth.api.signin.permission.REVOCATION_NOTIFICATION"
189-->[com.google.android.gms:play-services-auth:18.1.0] AndroidManifest.xml:36:13-107
190            android:visibleToInstantApps="true" />
190-->[com.google.android.gms:play-services-auth:18.1.0] AndroidManifest.xml:37:13-48
191
192        <receiver
192-->[com.google.firebase:firebase-messaging:23.4.0] AndroidManifest.xml:29:9-40:20
193            android:name="com.google.firebase.iid.FirebaseInstanceIdReceiver"
193-->[com.google.firebase:firebase-messaging:23.4.0] AndroidManifest.xml:30:13-78
194            android:exported="true"
194-->[com.google.firebase:firebase-messaging:23.4.0] AndroidManifest.xml:31:13-36
195            android:permission="com.google.android.c2dm.permission.SEND" >
195-->[com.google.firebase:firebase-messaging:23.4.0] AndroidManifest.xml:32:13-73
196            <intent-filter>
196-->[com.google.firebase:firebase-messaging:23.4.0] AndroidManifest.xml:33:13-35:29
197                <action android:name="com.google.android.c2dm.intent.RECEIVE" />
197-->[com.onesignal:notifications:5.1.29] AndroidManifest.xml:56:17-81
197-->[com.onesignal:notifications:5.1.29] AndroidManifest.xml:56:25-78
198            </intent-filter>
199
200            <meta-data
200-->[com.google.firebase:firebase-messaging:23.4.0] AndroidManifest.xml:37:13-39:40
201                android:name="com.google.android.gms.cloudmessaging.FINISHED_AFTER_HANDLED"
201-->[com.google.firebase:firebase-messaging:23.4.0] AndroidManifest.xml:38:17-92
202                android:value="true" />
202-->[com.google.firebase:firebase-messaging:23.4.0] AndroidManifest.xml:39:17-37
203        </receiver>
204        <!--
205             FirebaseMessagingService performs security checks at runtime,
206             but set to not exported to explicitly avoid allowing another app to call it.
207        -->
208        <service
208-->[com.google.firebase:firebase-messaging:23.4.0] AndroidManifest.xml:46:9-53:19
209            android:name="com.google.firebase.messaging.FirebaseMessagingService"
209-->[com.google.firebase:firebase-messaging:23.4.0] AndroidManifest.xml:47:13-82
210            android:directBootAware="true"
210-->[com.google.firebase:firebase-messaging:23.4.0] AndroidManifest.xml:48:13-43
211            android:exported="false" >
211-->[com.google.firebase:firebase-messaging:23.4.0] AndroidManifest.xml:49:13-37
212            <intent-filter android:priority="-500" >
212-->[com.google.firebase:firebase-messaging:23.4.0] AndroidManifest.xml:50:13-52:29
212-->[com.google.firebase:firebase-messaging:23.4.0] AndroidManifest.xml:50:28-51
213                <action android:name="com.google.firebase.MESSAGING_EVENT" />
213-->[com.google.firebase:firebase-messaging:23.4.0] AndroidManifest.xml:51:17-78
213-->[com.google.firebase:firebase-messaging:23.4.0] AndroidManifest.xml:51:25-75
214            </intent-filter>
215        </service>
216        <service
216-->[com.google.firebase:firebase-messaging:23.4.0] AndroidManifest.xml:54:9-63:19
217            android:name="com.google.firebase.components.ComponentDiscoveryService"
217-->[com.google.firebase:firebase-messaging:23.4.0] AndroidManifest.xml:55:13-84
218            android:directBootAware="true"
218-->[com.google.firebase:firebase-common:20.4.2] AndroidManifest.xml:32:13-43
219            android:exported="false" >
219-->[com.google.firebase:firebase-messaging:23.4.0] AndroidManifest.xml:56:13-37
220            <meta-data
220-->[com.google.firebase:firebase-messaging:23.4.0] AndroidManifest.xml:57:13-59:85
221                android:name="com.google.firebase.components:com.google.firebase.messaging.FirebaseMessagingKtxRegistrar"
221-->[com.google.firebase:firebase-messaging:23.4.0] AndroidManifest.xml:58:17-122
222                android:value="com.google.firebase.components.ComponentRegistrar" />
222-->[com.google.firebase:firebase-messaging:23.4.0] AndroidManifest.xml:59:17-82
223            <meta-data
223-->[com.google.firebase:firebase-messaging:23.4.0] AndroidManifest.xml:60:13-62:85
224                android:name="com.google.firebase.components:com.google.firebase.messaging.FirebaseMessagingRegistrar"
224-->[com.google.firebase:firebase-messaging:23.4.0] AndroidManifest.xml:61:17-119
225                android:value="com.google.firebase.components.ComponentRegistrar" />
225-->[com.google.firebase:firebase-messaging:23.4.0] AndroidManifest.xml:62:17-82
226            <meta-data
226-->[com.google.firebase:firebase-installations:17.2.0] AndroidManifest.xml:15:13-17:85
227                android:name="com.google.firebase.components:com.google.firebase.installations.FirebaseInstallationsKtxRegistrar"
227-->[com.google.firebase:firebase-installations:17.2.0] AndroidManifest.xml:16:17-130
228                android:value="com.google.firebase.components.ComponentRegistrar" />
228-->[com.google.firebase:firebase-installations:17.2.0] AndroidManifest.xml:17:17-82
229            <meta-data
229-->[com.google.firebase:firebase-installations:17.2.0] AndroidManifest.xml:18:13-20:85
230                android:name="com.google.firebase.components:com.google.firebase.installations.FirebaseInstallationsRegistrar"
230-->[com.google.firebase:firebase-installations:17.2.0] AndroidManifest.xml:19:17-127
231                android:value="com.google.firebase.components.ComponentRegistrar" />
231-->[com.google.firebase:firebase-installations:17.2.0] AndroidManifest.xml:20:17-82
232            <meta-data
232-->[com.google.firebase:firebase-common-ktx:20.4.2] AndroidManifest.xml:12:13-14:85
233                android:name="com.google.firebase.components:com.google.firebase.ktx.FirebaseCommonLegacyRegistrar"
233-->[com.google.firebase:firebase-common-ktx:20.4.2] AndroidManifest.xml:13:17-116
234                android:value="com.google.firebase.components.ComponentRegistrar" />
234-->[com.google.firebase:firebase-common-ktx:20.4.2] AndroidManifest.xml:14:17-82
235            <meta-data
235-->[com.google.firebase:firebase-common:20.4.2] AndroidManifest.xml:35:13-37:85
236                android:name="com.google.firebase.components:com.google.firebase.FirebaseCommonKtxRegistrar"
236-->[com.google.firebase:firebase-common:20.4.2] AndroidManifest.xml:36:17-109
237                android:value="com.google.firebase.components.ComponentRegistrar" />
237-->[com.google.firebase:firebase-common:20.4.2] AndroidManifest.xml:37:17-82
238            <meta-data
238-->[com.google.firebase:firebase-datatransport:18.1.7] AndroidManifest.xml:27:13-29:85
239                android:name="com.google.firebase.components:com.google.firebase.datatransport.TransportRegistrar"
239-->[com.google.firebase:firebase-datatransport:18.1.7] AndroidManifest.xml:28:17-115
240                android:value="com.google.firebase.components.ComponentRegistrar" />
240-->[com.google.firebase:firebase-datatransport:18.1.7] AndroidManifest.xml:29:17-82
241        </service>
242
243        <activity
243-->[com.google.android.gms:play-services-base:18.0.1] AndroidManifest.xml:20:9-22:45
244            android:name="com.google.android.gms.common.api.GoogleApiActivity"
244-->[com.google.android.gms:play-services-base:18.0.1] AndroidManifest.xml:20:19-85
245            android:exported="false"
245-->[com.google.android.gms:play-services-base:18.0.1] AndroidManifest.xml:22:19-43
246            android:theme="@android:style/Theme.Translucent.NoTitleBar" />
246-->[com.google.android.gms:play-services-base:18.0.1] AndroidManifest.xml:21:19-78
247
248        <provider
248-->[com.google.firebase:firebase-common:20.4.2] AndroidManifest.xml:23:9-28:39
249            android:name="com.google.firebase.provider.FirebaseInitProvider"
249-->[com.google.firebase:firebase-common:20.4.2] AndroidManifest.xml:24:13-77
250            android:authorities="com.barbiestudio.app.firebaseinitprovider"
250-->[com.google.firebase:firebase-common:20.4.2] AndroidManifest.xml:25:13-72
251            android:directBootAware="true"
251-->[com.google.firebase:firebase-common:20.4.2] AndroidManifest.xml:26:13-43
252            android:exported="false"
252-->[com.google.firebase:firebase-common:20.4.2] AndroidManifest.xml:27:13-37
253            android:initOrder="100" />
253-->[com.google.firebase:firebase-common:20.4.2] AndroidManifest.xml:28:13-36
254        <provider
254-->[androidx.emoji2:emoji2:1.3.0] AndroidManifest.xml:24:9-32:20
255            android:name="androidx.startup.InitializationProvider"
255-->[androidx.emoji2:emoji2:1.3.0] AndroidManifest.xml:25:13-67
256            android:authorities="com.barbiestudio.app.androidx-startup"
256-->[androidx.emoji2:emoji2:1.3.0] AndroidManifest.xml:26:13-68
257            android:exported="false" >
257-->[androidx.emoji2:emoji2:1.3.0] AndroidManifest.xml:27:13-37
258            <meta-data
258-->[androidx.emoji2:emoji2:1.3.0] AndroidManifest.xml:29:13-31:52
259                android:name="androidx.emoji2.text.EmojiCompatInitializer"
259-->[androidx.emoji2:emoji2:1.3.0] AndroidManifest.xml:30:17-75
260                android:value="androidx.startup" />
260-->[androidx.emoji2:emoji2:1.3.0] AndroidManifest.xml:31:17-49
261            <meta-data